<?xml version="1.0" encoding="UTF-8"?>
<!-- Generated by org.testng.reporters.JUnitReportReporter -->
<testsuite skipped="0" hostname="DESKTOP-KTUSVCS" name="com.leafBot.testcases.TC001_CreateLead" tests="2" failures="0" timestamp="12 Nov 2019 16:57:10 GMT" time="15.888" errors="0">
  <testcase name="runTC001" time="7.504" classname="com.leafBot.testcases.TC001_CreateLead"/>
  <testcase name="runTC001" time="8.384" classname="com.leafBot.testcases.TC001_CreateLead"/>
</testsuite> <!-- com.leafBot.testcases.TC001_CreateLead -->
